2022-06-12 06:07:58 [[32minfo[39m] [[36mStatus[39m] ✅ loaded: Bot Status 
2022-06-12 06:08:46 [[32minfo[39m] [[36mStatus[39m] ✅ loaded: Bot Status 
2022-06-12 06:09:10 [[32minfo[39m] [[36mStatus[39m] ✅ loaded: Bot Status 
2022-06-12 06:11:03 [[32minfo[39m] [[36mShard[39m] Shard 1/1 is connected
2022-06-12 06:11:08 [[32minfo[39m] [[36mStatus[39m] ✅ loaded: Bot Status 
2022-06-12 06:12:05 [[32minfo[39m] [[36mShard[39m] Shard 1/1 is connected
2022-06-12 06:12:09 [[32minfo[39m] [[36mStatus[39m] ✅ loaded: Bot Status 
2022-06-12 06:15:28 [[32minfo[39m] [[36mShard[39m] Shard 1/1 is connected
2022-06-12 06:15:34 [[32minfo[39m] [[36mStatus[39m] ✅ loaded: Bot Status 
2022-06-12 06:18:57 [[32minfo[39m] [[36mShard[39m] Shard 1/1 is connected
2022-06-12 06:19:01 [[32minfo[39m] [[36mStatus[39m] ✅ loaded: Bot Status 
2022-06-12 06:24:04 [[32minfo[39m] [[36mShard[39m] Shard 1/1 is connected
2022-06-12 06:24:09 [[32minfo[39m] [[36mStatus[39m] ✅ loaded: Bot Status 
2022-06-12 06:43:42 [[32minfo[39m] [[36mCommand[39m] "!rhelp" (help) ran by "HarryOhm#7801" (810344379683569704) on guild "RadCliff DC" (815517609227321355) channel "#〔🤖〕bots" (919983249625862165)
2022-06-12 06:45:10 [[32minfo[39m] [[36mCommand[39m] "!rping" (ping) ran by "HarryOhm#7801" (810344379683569704) on guild "RadCliff DC" (815517609227321355) channel "#〔🤖〕bots" (919983249625862165)
2022-06-12 06:45:44 [[32minfo[39m] [[36mCommand[39m] "!rhelp utility" (help) ran by "HarryOhm#7801" (810344379683569704) on guild "RadCliff DC" (815517609227321355) channel "#〔🤖〕bots" (919983249625862165)
2022-06-12 06:46:13 [[32minfo[39m] [[36mCommand[39m] "!rsnipe" (snipe) ran by "HarryOhm#7801" (810344379683569704) on guild "RadCliff DC" (815517609227321355) channel "#〔🤖〕bots" (919983249625862165)
2022-06-12 06:46:27 [[32minfo[39m] [[36mCommand[39m] "!rsnipe" (snipe) ran by "HarryOhm#7801" (810344379683569704) on guild "RadCliff DC" (815517609227321355) channel "#〔🤖〕bots" (919983249625862165)
2022-06-12 06:46:51 [[32minfo[39m] [[36mCommand[39m] "!rsnipe" (snipe) ran by "HarryOhm#7801" (810344379683569704) on guild "RadCliff DC" (815517609227321355) channel "#〔🤖〕bots" (919983249625862165)
2022-06-15 05:06:12 [[32minfo[39m] [[36mShard[39m] Shard 1/1 is connected
2022-06-15 05:06:19 [[32minfo[39m] [[36mStatus[39m] ✅ loaded: Bot Status 
2022-06-15 05:37:39 [[32minfo[39m] [[36mShard[39m] Shard 1/1 is connected
2022-06-15 05:37:44 [[32minfo[39m] [[36mStatus[39m] ✅ loaded: Bot Status 
2022-06-15 05:38:19 [[32minfo[39m] [[36mShard[39m] Shard 1/1 is connected
2022-06-15 05:38:24 [[32minfo[39m] [[36mStatus[39m] ✅ loaded: Bot Status 
2022-06-15 05:40:25 [[32minfo[39m] [[36mShard[39m] Shard 1/1 is connected
2022-06-15 05:40:30 [[32minfo[39m] [[36mStatus[39m] ✅ loaded: Bot Status 
2022-06-15 05:58:36 [[32minfo[39m] [[36mShard[39m] Shard 1/1 is connected
2022-06-15 05:58:41 [[32minfo[39m] [[36mStatus[39m] ✅ loaded: Bot Status 
2022-06-15 06:01:45 [[32minfo[39m] [[36mGuilds[39m] Joined to "RadCliff DC" (815517609227321355)
2022-06-15 06:03:13 [[32minfo[39m] [[36mShard[39m] Shard 1/1 is connected
2022-06-15 06:03:18 [[32minfo[39m] [[36mStatus[39m] ✅ loaded: Bot Status 
2022-06-15 06:04:20 [[32minfo[39m] [[36mStatus[39m] ✅ loaded: Bot Status 
2022-06-15 06:08:15 [[32minfo[39m] [[36mShard[39m] Shard 1/1 is connected
2022-06-15 06:08:20 [[32minfo[39m] [[36mStatus[39m] ✅ loaded: Bot Status 
2022-06-15 06:10:19 [[32minfo[39m] [[36mShard[39m] Shard 1/1 is connected
2022-06-15 06:10:24 [[32minfo[39m] [[36mStatus[39m] ✅ loaded: Bot Status 
2022-06-15 06:13:25 [[32minfo[39m] [[36mShard[39m] Shard 1/1 is connected
2022-06-15 06:13:30 [[32minfo[39m] [[36mStatus[39m] ✅ loaded: Bot Status 
2022-06-15 06:16:35 [[32minfo[39m] [[36mShard[39m] Shard 1/1 is connected
2022-06-15 06:16:40 [[32minfo[39m] [[36mStatus[39m] ✅ loaded: Bot Status 
2022-06-15 06:24:29 [[32minfo[39m] [[36mShard[39m] Shard 1/1 is connected
2022-06-15 06:24:34 [[32minfo[39m] [[36mStatus[39m] ✅ loaded: Bot Status 
2022-06-15 06:39:39 [[32minfo[39m] [[36mCommand[39m] "!rhelp" (help) ran by "HarryOhm#7801" (810344379683569704) on guild "RadCliff DC" (815517609227321355) channel "#〔🤖〕bots" (919983249625862165)
2022-06-15 06:40:30 [[32minfo[39m] [[36mCommand[39m] "!rhelp utility" (help) ran by "HarryOhm#7801" (810344379683569704) on guild "RadCliff DC" (815517609227321355) channel "#〔🤖〕bots" (919983249625862165)
2022-06-15 06:41:06 [[32minfo[39m] [[36mCommand[39m] "!rredeem" (redeem) ran by "HarryOhm#7801" (810344379683569704) on guild "RadCliff DC" (815517609227321355) channel "#〔🤖〕bots" (919983249625862165)
2022-06-15 06:41:25 [[32minfo[39m] [[36mCommand[39m] "!rredeem XYZ10932" (redeem) ran by "HarryOhm#7801" (810344379683569704) on guild "RadCliff DC" (815517609227321355) channel "#〔🤖〕bots" (919983249625862165)
2022-06-15 06:49:40 [[32minfo[39m] [[36mShard[39m] Shard 1/1 is connected
2022-06-15 06:49:45 [[32minfo[39m] [[36mStatus[39m] ✅ loaded: Bot Status 
2022-06-15 06:52:17 [[32minfo[39m] [[36mShard[39m] Shard 1/1 is connected
2022-06-15 06:52:22 [[32minfo[39m] [[36mStatus[39m] ✅ loaded: Bot Status 
2022-06-15 06:53:43 [[32minfo[39m] [[36mShard[39m] Shard 1/1 is connected
2022-06-15 06:53:48 [[32minfo[39m] [[36mStatus[39m] ✅ loaded: Bot Status 
2022-06-15 07:01:37 [[32minfo[39m] [[36mShard[39m] Shard 1/1 is connected
2022-06-15 07:01:42 [[32minfo[39m] [[36mStatus[39m] ✅ loaded: Bot Status 
2022-06-15 07:05:56 [[32minfo[39m] [[36mShard[39m] Shard 1/1 is connected
2022-06-15 07:06:02 [[32minfo[39m] [[36mStatus[39m] ✅ loaded: Bot Status 
2022-06-15 07:10:21 [[32minfo[39m] [[36mShard[39m] Shard 1/1 is connected
2022-06-15 07:10:26 [[32minfo[39m] [[36mStatus[39m] ✅ loaded: Bot Status 
2022-06-15 07:11:38 [[32minfo[39m] [[36mGuilds[39m] Joined to "Coder's World" (710205261196820684)
2022-06-15 07:18:58 [[32minfo[39m] [[36mStatus[39m] ✅ loaded: Bot Status 
2022-06-15 07:21:25 [[32minfo[39m] [[36mShard[39m] Shard 1/1 is connected
2022-06-15 07:21:31 [[32minfo[39m] [[36mStatus[39m] ✅ loaded: Bot Status 
